TN:
SF:src\app.ts
FN:9,main
FNF:1
FNH:1
FNDA:1,main
DA:1,1
DA:2,1
DA:3,1
DA:4,1
DA:5,1
DA:6,1
DA:7,1
DA:8,1
DA:9,1
DA:10,1
DA:11,1
DA:12,1
DA:13,1
DA:14,1
DA:15,1
DA:16,1
DA:17,1
DA:18,1
DA:19,1
LF:19
LH:19
BRDA:5,0,0,1
BRDA:5,1,0,1
BRDA:9,2,0,1
BRF:3
BRH:3
end_of_record
TN:
SF:src\config\envs.ts
FNF:0
FNH:0
DA:1,1
DA:2,1
DA:3,1
DA:4,1
DA:5,1
DA:6,1
DA:7,1
DA:8,1
DA:9,1
DA:10,1
LF:10
LH:10
BRF:0
BRH:0
end_of_record
TN:
SF:src\data\postgres\index.ts
FNF:0
FNH:0
DA:1,1
DA:2,1
DA:3,1
DA:4,1
DA:5,1
LF:5
LH:5
BRF:0
BRH:0
end_of_record
TN:
SF:src\domain\index.ts
FNF:0
FNH:0
DA:1,1
DA:2,1
DA:3,1
DA:4,1
DA:5,1
DA:6,1
DA:7,1
DA:8,1
DA:9,1
DA:10,1
DA:11,1
DA:12,1
DA:13,1
DA:14,1
LF:14
LH:14
BRF:0
BRH:0
end_of_record
TN:
SF:src\domain\dtos\todos\create-todo.dto.ts
FN:5,CreateTodoDto
FN:9,create
FNF:2
FNH:2
FNDA:1,CreateTodoDto
FNDA:3,create
DA:1,1
DA:2,1
DA:3,1
DA:4,1
DA:5,1
DA:6,1
DA:7,1
DA:8,1
DA:9,1
DA:10,3
DA:11,3
DA:12,3
DA:13,3
DA:14,1
DA:15,1
DA:16,1
DA:17,1
DA:18,1
DA:19,1
LF:19
LH:19
BRDA:5,0,0,1
BRDA:9,1,0,3
BRDA:13,2,0,1
BRDA:13,3,0,2
BRDA:14,4,0,1
BRF:5
BRH:5
end_of_record
TN:
SF:src\domain\errors\custom.error.ts
FN:6,CustomError
FNF:1
FNH:1
FNDA:3,CustomError
DA:1,1
DA:2,1
DA:3,1
DA:4,1
DA:5,1
DA:6,1
DA:7,3
DA:8,3
DA:9,3
DA:10,3
DA:11,3
DA:12,1
DA:13,1
LF:13
LH:13
BRDA:6,0,0,3
BRF:1
BRH:1
end_of_record
TN:
SF:src\infrastructure\datasource\todo.datasource.impl.ts
FN:8,create
FN:16,getAll
FN:22,findById
FN:31,updateById
FN:42,deleteById
FNF:5
FNH:5
FNDA:1,create
FNDA:1,getAll
FNDA:7,findById
FNDA:3,updateById
FNDA:2,deleteById
DA:1,1
DA:2,1
DA:3,1
DA:4,1
DA:5,1
DA:6,1
DA:7,1
DA:8,1
DA:9,1
DA:10,1
DA:11,1
DA:12,1
DA:13,1
DA:14,1
DA:15,1
DA:16,1
DA:17,1
DA:18,1
DA:19,1
DA:20,1
DA:21,1
DA:22,1
DA:23,7
DA:24,7
DA:25,7
DA:26,7
DA:27,7
DA:28,4
DA:29,4
DA:30,1
DA:31,1
DA:32,3
DA:33,2
DA:34,2
DA:35,2
DA:36,2
DA:37,2
DA:38,2
DA:39,2
DA:40,2
DA:41,1
DA:42,1
DA:43,2
DA:44,1
DA:45,1
DA:46,1
DA:47,1
DA:48,1
DA:49,1
DA:50,1
DA:51,1
DA:52,1
LF:52
LH:52
BRDA:8,0,0,1
BRDA:16,1,0,1
BRDA:19,2,0,2
BRDA:22,3,0,7
BRDA:27,4,0,3
BRDA:28,5,0,4
BRDA:31,6,0,3
BRDA:33,7,0,2
BRDA:42,8,0,2
BRDA:44,9,0,1
BRF:10
BRH:10
end_of_record
TN:
SF:src\presentation\server.ts
FN:19,Server
FN:26,start
FN:52,close
FNF:3
FNH:3
FNDA:1,Server
FNDA:1,start
FNDA:1,close
DA:1,1
DA:2,1
DA:3,1
DA:4,1
DA:5,1
DA:6,1
DA:7,1
DA:8,1
DA:9,1
DA:10,1
DA:11,1
DA:12,1
DA:13,1
DA:14,1
DA:15,1
DA:16,1
DA:17,1
DA:18,1
DA:19,1
DA:20,1
DA:21,1
DA:22,1
DA:23,1
DA:24,1
DA:25,1
DA:26,1
DA:27,1
DA:28,1
DA:29,1
DA:30,1
DA:31,1
DA:32,1
DA:33,1
DA:34,1
DA:35,1
DA:36,1
DA:37,1
DA:38,1
DA:39,1
DA:40,1
DA:41,0
DA:42,0
DA:43,0
DA:44,1
DA:45,1
DA:46,1
DA:47,1
DA:48,1
DA:49,1
DA:50,1
DA:51,1
DA:52,1
DA:53,1
DA:54,1
DA:55,1
DA:56,1
LF:56
LH:53
BRDA:19,0,0,1
BRDA:26,1,0,1
BRDA:46,2,0,1
BRDA:52,3,0,1
BRDA:53,4,0,0
BRF:5
BRH:4
end_of_record
TN:
SF:src\presentation\todos\controller.ts
FN:10,TodosController
FN:14,TodosController.handleError
FN:24,TodosController.getTodos
FN:33,TodosController.getTodoById
FN:43,TodosController.createTodo
FN:56,TodosController.updateTodo
FN:68,TodosController.delateTodo
FNF:7
FNH:7
FNDA:2,TodosController
FNDA:3,TodosController.handleError
FNDA:1,TodosController.getTodos
FNDA:2,TodosController.getTodoById
FNDA:3,TodosController.createTodo
FNDA:3,TodosController.updateTodo
FNDA:2,TodosController.delateTodo
DA:1,1
DA:2,1
DA:3,1
DA:4,1
DA:5,1
DA:6,1
DA:7,1
DA:8,1
DA:9,1
DA:10,1
DA:11,2
DA:12,2
DA:13,1
DA:14,1
DA:15,3
DA:16,3
DA:17,3
DA:18,3
DA:19,0
DA:20,0
DA:21,0
DA:22,1
DA:23,1
DA:24,1
DA:25,1
DA:26,1
DA:27,1
DA:28,1
DA:29,1
DA:30,1
DA:31,1
DA:32,1
DA:33,1
DA:34,2
DA:35,2
DA:36,2
DA:37,2
DA:38,2
DA:39,2
DA:40,2
DA:41,1
DA:42,1
DA:43,1
DA:44,3
DA:45,3
DA:46,3
DA:47,3
DA:48,1
DA:49,1
DA:50,1
DA:51,1
DA:52,1
DA:53,1
DA:54,1
DA:55,1
DA:56,1
DA:57,3
DA:58,3
DA:59,3
DA:60,3
DA:61,3
DA:62,3
DA:63,3
DA:64,3
DA:65,3
DA:66,1
DA:67,1
DA:68,1
DA:69,2
DA:70,2
DA:71,2
DA:72,2
DA:73,2
DA:74,2
DA:75,2
DA:76,1
DA:77,1
DA:78,1
LF:78
LH:75
BRDA:10,0,0,2
BRDA:14,1,0,3
BRDA:19,2,0,0
BRDA:24,3,0,1
BRDA:28,4,0,1
BRDA:33,5,0,2
BRDA:38,6,0,1
BRDA:39,7,0,1
BRDA:43,8,0,3
BRDA:47,9,0,2
BRDA:48,10,0,1
BRDA:51,11,0,1
BRDA:56,12,0,3
BRDA:59,13,0,0
BRDA:63,14,0,2
BRDA:64,15,0,1
BRDA:68,16,0,2
BRDA:73,17,0,1
BRDA:74,18,0,1
BRF:19
BRH:17
end_of_record
TN:
SF:tests\test_server.ts
FNF:0
FNH:0
DA:1,1
DA:2,1
DA:3,1
DA:4,1
DA:5,1
DA:6,1
DA:7,1
DA:8,1
DA:9,1
DA:10,1
LF:10
LH:10
BRF:0
BRH:0
end_of_record
